2018-06-05 04:00:57 INFO  TestBase:96 - inside getData(browserType)
2018-06-05 04:00:57 INFO  DataSource:69 - Loding config.properties....
2018-06-05 04:00:57 INFO  DataSource:81 - Loading config.properties done.
2018-06-05 04:00:57 INFO  TestBase:34 - browser is: chrome
2018-06-05 04:05:17 INFO  TestBase:96 - inside getData(browserType)
2018-06-05 04:05:17 INFO  DataSource:69 - Loding config.properties....
2018-06-05 04:05:17 INFO  DataSource:81 - Loading config.properties done.
2018-06-05 04:05:17 INFO  TestBase:34 - browser is: chrome
2018-06-05 04:05:53 INFO  TestBase:96 - inside getData(url)
2018-06-05 04:05:53 INFO  TestBase:116 - url is: http://www.eshopper24.com
2018-06-05 04:10:01 INFO  TestBase:96 - inside getData(browserType)
2018-06-05 04:10:01 INFO  DataSource:69 - Loding config.properties....
2018-06-05 04:10:01 INFO  DataSource:81 - Loading config.properties done.
2018-06-05 04:10:01 INFO  TestBase:34 - browser is: chrome
2018-06-05 04:10:07 INFO  TestBase:96 - inside getData(url)
2018-06-05 04:10:07 INFO  TestBase:116 - url is: https://www.eshopper24.com
2018-06-05 04:10:15 INFO  WaitHelper:24 - waiting for element to present....
2018-06-05 04:16:31 INFO  TestBase:96 - inside getData(browserType)
2018-06-05 04:16:31 INFO  DataSource:69 - Loding config.properties....
2018-06-05 04:16:31 INFO  DataSource:81 - Loading config.properties done.
2018-06-05 04:16:31 INFO  TestBase:34 - browser is: chrome
2018-06-05 04:16:38 INFO  TestBase:96 - inside getData(url)
2018-06-05 04:16:38 INFO  TestBase:116 - url is: https://www.eshopper24.com
2018-06-05 04:16:45 INFO  WaitHelper:24 - waiting for element to present....
2018-06-05 04:16:45 INFO  WaitHelper:27 - element is present...
2018-06-05 04:16:45 INFO  TestBase:37 - clicking on cottonSaree element.
2018-06-05 04:16:51 INFO  TestBase:121 - Browser is closing....
2018-06-05 04:16:52 INFO  TestBase:123 - Browser is closed.
2018-06-05 04:20:39 INFO  TestBase:96 - inside getData(browserType)
2018-06-05 04:20:39 INFO  DataSource:69 - Loding config.properties....
2018-06-05 04:20:39 INFO  DataSource:81 - Loading config.properties done.
2018-06-05 04:20:39 INFO  TestBase:34 - browser is: chrome
2018-06-05 04:20:45 INFO  TestBase:96 - inside getData(url)
2018-06-05 04:20:45 INFO  TestBase:116 - url is: https://www.eshopper24.com
2018-06-05 04:20:51 INFO  WaitHelper:24 - waiting for element to present....
2018-06-05 04:20:51 INFO  WaitHelper:27 - element is present...
2018-06-05 04:20:51 INFO  TestBase:35 - clicking on cottonSaree element.
2018-06-05 04:20:55 INFO  WaitHelper:24 - waiting for element to present....
2018-06-05 04:20:55 INFO  WaitHelper:27 - element is present...
2018-06-05 04:20:55 INFO  TestBase:34 - clicking on buyNow element.
2018-06-05 04:20:55 INFO  TestBase:39 - clicking on addToCart element.
2018-06-05 04:22:36 INFO  TestBase:121 - Browser is closing....
2018-06-05 04:22:36 INFO  TestBase:123 - Browser is closed.
2018-06-05 04:45:57 INFO  TestBase:96 - inside getData(browserType)
2018-06-05 04:45:57 INFO  DataSource:69 - Loding config.properties....
2018-06-05 04:45:57 INFO  DataSource:81 - Loading config.properties done.
2018-06-05 04:45:57 INFO  TestBase:34 - browser is: chrome
2018-06-05 04:46:32 INFO  TestBase:96 - inside getData(url)
2018-06-05 04:46:32 INFO  TestBase:116 - url is: https://www.eshopper24.com
2018-06-05 04:46:55 INFO  WaitHelper:24 - waiting for element to present....
2018-06-05 04:46:56 INFO  WaitHelper:27 - element is present...
2018-06-05 04:46:56 INFO  TestBase:35 - clicking on cottonSaree element.
2018-06-05 04:47:10 INFO  WaitHelper:24 - waiting for element to present....
2018-06-05 04:47:10 INFO  WaitHelper:27 - element is present...
2018-06-05 04:47:10 INFO  TestBase:35 - clicking on buyNow element.
2018-06-05 04:47:11 INFO  TestBase:40 - clicking on addToCart element.
2018-06-05 04:48:51 INFO  TestBase:121 - Browser is closing....
2018-06-05 04:48:53 INFO  TestBase:123 - Browser is closed.
2018-06-06 03:30:04 INFO  TestBase:96 - inside getData(browserType)
2018-06-06 03:30:04 INFO  DataSource:69 - Loding config.properties....
2018-06-06 03:30:04 INFO  DataSource:81 - Loading config.properties done.
2018-06-06 03:30:04 INFO  TestBase:34 - browser is: chrome
2018-06-06 03:30:17 INFO  TestBase:96 - inside getData(url)
2018-06-06 03:30:17 INFO  TestBase:116 - url is: https://www.eshopper24.com
2018-06-06 03:30:24 INFO  WaitHelper:24 - waiting for element to present....
2018-06-06 03:30:25 INFO  WaitHelper:27 - element is present...
2018-06-06 03:30:25 INFO  TestBase:35 - clicking on cottonSaree element.
2018-06-06 03:30:33 INFO  WaitHelper:24 - waiting for element to present....
2018-06-06 03:30:33 INFO  WaitHelper:27 - element is present...
2018-06-06 03:30:33 INFO  TestBase:121 - Browser is closing....
2018-06-06 03:30:34 INFO  TestBase:123 - Browser is closed.
2018-06-06 03:33:07 INFO  TestBase:96 - inside getData(browserType)
2018-06-06 03:33:07 INFO  DataSource:69 - Loding config.properties....
2018-06-06 03:33:07 INFO  DataSource:81 - Loading config.properties done.
2018-06-06 03:33:07 INFO  TestBase:34 - browser is: chrome
2018-06-06 03:33:16 INFO  TestBase:96 - inside getData(url)
2018-06-06 03:33:16 INFO  TestBase:116 - url is: https://www.eshopper24.com
2018-06-06 03:33:23 INFO  WaitHelper:24 - waiting for element to present....
2018-06-06 03:33:23 INFO  WaitHelper:27 - element is present...
2018-06-06 03:33:23 INFO  TestBase:35 - clicking on cottonSaree element.
2018-06-06 03:33:29 INFO  WaitHelper:24 - waiting for element to present....
2018-06-06 03:33:29 INFO  WaitHelper:27 - element is present...
2018-06-06 03:33:29 INFO  TestBase:121 - Browser is closing....
2018-06-06 03:33:30 INFO  TestBase:123 - Browser is closed.
